*** Starting uWSGI 2.0.17 (64bit) on [Tue Jun 12 21:45:40 2018] ***
compiled with version: 4.2.1 Compatible Apple LLVM 8.0.0 (clang-800.0.42.1) on 12 June 2018 09:15:21
os: Darwin-15.6.0 Darwin Kernel Version 15.6.0: Tue Jan 30 11:45:51 PST 2018; root:xnu-3248.73.8~1/RELEASE_X86_64
nodename: mymac.local
machine: x86_64
clock source: unix
pcre jit disabled
detected number of CPU cores: 4
current working directory: /Users/mymac/Desktop/all_django_project/Linux_object/online
writing pidfile to uwsgi.pid
detected binary path: /Users/mymac/Desktop/all_django_project/Linux_object/venv/bin/uwsgi
chdir() to /Users/mymac/Desktop/all_django_project/Linux_object//online/
your processes number limit is 709
your memory page size is 4096 bytes
detected max file descriptor number: 10240
lock engine: OSX spinlocks
thunder lock: disabled (you can enable it with --thunder-lock)
uWSGI http bound on 127.0.0.1：8000 fd 4
uwsgi socket 0 bound to TCP address 127.0.0.1:52180 (port auto-assigned) fd 3
Python version: 3.6.5rc1 (v3.6.5rc1:f03c5148cf, Mar 13 2018, 21:51:30)  [GCC 4.2.1 Compatible Apple LLVM 6.0 (clang-600.0.57)]
Python main interpreter initialized at 0x7fca8981d400
python threads support enabled
your server socket listen backlog is limited to 100 connections
your mercy for graceful operations on workers is 60 seconds
mapped 416560 bytes (406 KB) for 8 cores
*** Operational MODE: preforking+threaded ***
Traceback (most recent call last):
  File "online/wsgi.py", line 16, in <module>
    application = get_wsgi_application()
  File "/Library/Frameworks/Python.framework/Versions/3.6/lib/python3.6/site-packages/django/core/wsgi.py", line 12, in get_wsgi_application
    django.setup(set_prefix=False)
  File "/Library/Frameworks/Python.framework/Versions/3.6/lib/python3.6/site-packages/django/__init__.py", line 24, in setup
    apps.populate(settings.INSTALLED_APPS)
  File "/Library/Frameworks/Python.framework/Versions/3.6/lib/python3.6/site-packages/django/apps/registry.py", line 89, in populate
    app_config = AppConfig.create(entry)
  File "/Library/Frameworks/Python.framework/Versions/3.6/lib/python3.6/site-packages/django/apps/config.py", line 90, in create
    module = import_module(entry)
  File "/Library/Frameworks/Python.framework/Versions/3.6/lib/python3.6/importlib/__init__.py", line 126, in import_module
    return _bootstrap._gcd_import(name[level:], package, level)
  File "<frozen importlib._bootstrap>", line 994, in _gcd_import
  File "<frozen importlib._bootstrap>", line 971, in _find_and_load
  File "<frozen importlib._bootstrap>", line 953, in _find_and_load_unlocked
ModuleNotFoundError: No module named 'pure_pagination'
unable to load app 0 (mountpoint='') (callable not found or import error)
*** no app loaded. going in full dynamic mode ***
*** uWSGI is running in multiple interpreter mode ***
spawned uWSGI master process (pid: 13407)
spawned uWSGI worker 1 (pid: 13408, cores: 2)
spawned uWSGI worker 2 (pid: 13409, cores: 2)
spawned uWSGI worker 3 (pid: 13410, cores: 2)
spawned uWSGI worker 4 (pid: 13411, cores: 2)
spawned uWSGI http 1 (pid: 13412)
